\BOOKMARK [1][-]{section.1}{Behavioral Specifications}{}% 1
\BOOKMARK [2][-]{subsection.1.1}{Features}{section.1}% 2
\BOOKMARK [2][-]{subsection.1.2}{Behavior}{section.1}% 3
\BOOKMARK [3][-]{subsubsection.1.2.1}{Sleep Mode}{subsection.1.2}% 4
\BOOKMARK [3][-]{subsubsection.1.2.2}{Locked Mode}{subsection.1.2}% 5
\BOOKMARK [3][-]{subsubsection.1.2.3}{Safe Mode}{subsection.1.2}% 6
\BOOKMARK [3][-]{subsubsection.1.2.4}{Running Mode}{subsection.1.2}% 7
\BOOKMARK [1][-]{section.2}{Performance}{}% 8
\BOOKMARK [2][-]{subsection.2.1}{Electronics}{section.2}% 9
\BOOKMARK [3][-]{subsubsection.2.1.1}{High Voltage Battery}{subsection.2.1}% 10
\BOOKMARK [3][-]{subsubsection.2.1.2}{DCDC Converter}{subsection.2.1}% 11
\BOOKMARK [3][-]{subsubsection.2.1.3}{12V Battery}{subsection.2.1}% 12
\BOOKMARK [3][-]{subsubsection.2.1.4}{Motor}{subsection.2.1}% 13
\BOOKMARK [3][-]{subsubsection.2.1.5}{Motor Controller}{subsection.2.1}% 14
\BOOKMARK [1][-]{section.3}{System Architecture}{}% 15
\BOOKMARK [2][-]{subsection.3.1}{Some other shit}{section.3}% 16
\BOOKMARK [1][-]{section.4}{SomeShit}{}% 17
\BOOKMARK [2][-]{subsection.4.1}{Some other shit}{section.4}% 18
\BOOKMARK [2][-]{subsection.4.2}{Some other shit}{section.4}% 19
\BOOKMARK [1][-]{section.5}{SomeShit}{}% 20
\BOOKMARK [2][-]{subsection.5.1}{Some other shit}{section.5}% 21
\BOOKMARK [2][-]{subsection.5.2}{Some other shit}{section.5}% 22
\BOOKMARK [1][-]{section.6}{SomeShit}{}% 23
\BOOKMARK [2][-]{subsection.6.1}{Some other shit}{section.6}% 24
\BOOKMARK [2][-]{subsection.6.2}{Some other shit}{section.6}% 25
